<?xml version="1.0" encoding="UTF-8"?>
<testsuite name="RunTest" tests="1" skipped="0" failures="0" errors="0" timestamp="2019-07-03T16:35:27" hostname="DESKTOP-5FFID9T" time="0.003">
  <properties/>
  <testcase name="getTest" classname="RunTest" time="0.003"/>
  <system-out><![CDATA[Message: 2 b || ! 2 b
]]></system-out>
  <system-err><![CDATA[]]></system-err>
</testsuite>
